Start testing: Jun 01 01:33 IST
----------------------------------------------------------
1/6 Testing: test_models
1/6 Test: test_models
Command: "/Users/biswyaa/Documents/DSA-Mini-Project/build/test_models"
Directory: /Users/biswyaa/Documents/DSA-Mini-Project/build
"test_models" start time: Jun 01 01:33 IST
Output:
----------------------------------------------------------
<end of output>
Test time =   0.00 sec
----------------------------------------------------------
Test Passed.
"test_models" end time: Jun 01 01:33 IST
"test_models" time elapsed: 00:00:00
----------------------------------------------------------

2/6 Testing: test_graph_basics
2/6 Test: test_graph_basics
Command: "/Users/biswyaa/Documents/DSA-Mini-Project/build/test_graph_basics"
Directory: /Users/biswyaa/Documents/DSA-Mini-Project/build
"test_graph_basics" start time: Jun 01 01:33 IST
Output:
----------------------------------------------------------
<end of output>
Test time =   0.00 sec
----------------------------------------------------------
Test Passed.
"test_graph_basics" end time: Jun 01 01:33 IST
"test_graph_basics" time elapsed: 00:00:00
----------------------------------------------------------

3/6 Testing: test_booking_pricing
3/6 Test: test_booking_pricing
Command: "/Users/biswyaa/Documents/DSA-Mini-Project/build/test_booking_pricing"
Directory: /Users/biswyaa/Documents/DSA-Mini-Project/build
"test_booking_pricing" start time: Jun 01 01:33 IST
Output:
----------------------------------------------------------
<end of output>
Test time =   0.00 sec
----------------------------------------------------------
Test Passed.
"test_booking_pricing" end time: Jun 01 01:33 IST
"test_booking_pricing" time elapsed: 00:00:00
----------------------------------------------------------

4/6 Testing: test_routing_mst
4/6 Test: test_routing_mst
Command: "/Users/biswyaa/Documents/DSA-Mini-Project/build/test_routing_mst"
Directory: /Users/biswyaa/Documents/DSA-Mini-Project/build
"test_routing_mst" start time: Jun 01 01:33 IST
Output:
----------------------------------------------------------
<end of output>
Test time =   0.00 sec
----------------------------------------------------------
Test Passed.
"test_routing_mst" end time: Jun 01 01:33 IST
"test_routing_mst" time elapsed: 00:00:00
----------------------------------------------------------

5/6 Testing: test_sort_search_reports
5/6 Test: test_sort_search_reports
Command: "/Users/biswyaa/Documents/DSA-Mini-Project/build/test_sort_search_reports"
Directory: /Users/biswyaa/Documents/DSA-Mini-Project/build
"test_sort_search_reports" start time: Jun 01 01:33 IST
Output:
----------------------------------------------------------
<end of output>
Test time =   0.00 sec
----------------------------------------------------------
Test Passed.
"test_sort_search_reports" end time: Jun 01 01:33 IST
"test_sort_search_reports" time elapsed: 00:00:00
----------------------------------------------------------

6/6 Testing: test_api_smoke
6/6 Test: test_api_smoke
Command: "/Users/biswyaa/Documents/DSA-Mini-Project/build/test_api_smoke"
Directory: /Users/biswyaa/Documents/DSA-Mini-Project/build
"test_api_smoke" start time: Jun 01 01:33 IST
Output:
----------------------------------------------------------
<end of output>
Test time =   0.01 sec
----------------------------------------------------------
Test Passed.
"test_api_smoke" end time: Jun 01 01:33 IST
"test_api_smoke" time elapsed: 00:00:00
----------------------------------------------------------

End testing: Jun 01 01:33 IST
